<?xml version="1.0" encoding="UTF-8"?>
<!-- Generated by org.testng.reporters.JUnitXMLReporter -->
<testsuite ignored="0" hostname="LIE-PF0U5A5U" failures="3" tests="3" name="Testonfirefox" time="1.604" errors="0" timestamp="2021-05-13T12:48:23 IST">
  <testcase classname="io.cucumber.testng.AbstractTestNGCucumberTests" name="runScenario" time="0.358">
    <failure type="java.lang.NullPointerException" message="Cannot invoke &amp;quot;com.aventstack.extentreports.ExtentTest.fail(com.aventstack.extentreports.markuputils.Markup)&amp;quot; because &amp;quot;extenttest&amp;quot; is null">
      <![CDATA[java.lang.NullPointerException: Cannot invoke "com.aventstack.extentreports.ExtentTest.fail(com.aventstack.extentreports.markuputils.Markup)" because "extenttest" is null
at Listeners.ExtentReportListener.testStepHandle(ExtentReportListener.java:55)
at stepDefininitions.LoginSteps.customer_is_on_official_app_web(LoginSteps.java:115)
at ✽.Customer is on official app web(file:///C:/Users/tanmkoda/OneDrive%20-%20Capgemini/Desktop/Gherkin-BDD-7/BddFrameworkGherkin/FeatureFiles/Login.feature:7)
]]>
    </failure>
  </testcase> <!-- runScenario -->
  <testcase classname="io.cucumber.testng.AbstractTestNGCucumberTests" name="runScenario" time="0.358">
    <failure type="java.lang.NullPointerException" message="Cannot invoke &amp;quot;com.aventstack.extentreports.ExtentTest.fail(com.aventstack.extentreports.markuputils.Markup)&amp;quot; because &amp;quot;extenttest&amp;quot; is null">
      <![CDATA[java.lang.NullPointerException: Cannot invoke "com.aventstack.extentreports.ExtentTest.fail(com.aventstack.extentreports.markuputils.Markup)" because "extenttest" is null
at Listeners.ExtentReportListener.testStepHandle(ExtentReportListener.java:55)
at stepDefininitions.LoginSteps.customer_is_on_official_app_web(LoginSteps.java:115)
at ✽.Customer is on official app web(file:///C:/Users/tanmkoda/OneDrive%20-%20Capgemini/Desktop/Gherkin-BDD-7/BddFrameworkGherkin/FeatureFiles/Login.feature:7)
]]>
    </failure>
  </testcase> <!-- runScenario -->
  <testcase classname="io.cucumber.testng.AbstractTestNGCucumberTests" name="runScenario" time="0.42">
    <failure type="java.lang.NullPointerException" message="Cannot invoke &amp;quot;com.aventstack.extentreports.ExtentTest.fail(com.aventstack.extentreports.markuputils.Markup)&amp;quot; because &amp;quot;extenttest&amp;quot; is null">
      <![CDATA[java.lang.NullPointerException: Cannot invoke "com.aventstack.extentreports.ExtentTest.fail(com.aventstack.extentreports.markuputils.Markup)" because "extenttest" is null
at Listeners.ExtentReportListener.testStepHandle(ExtentReportListener.java:55)
at stepDefininitions.LoginSteps.customer_is_on_official_app_web(LoginSteps.java:115)
at ✽.Customer is on official app web(file:///C:/Users/tanmkoda/OneDrive%20-%20Capgemini/Desktop/Gherkin-BDD-7/BddFrameworkGherkin/FeatureFiles/Login.feature:7)
]]>
    </failure>
  </testcase> <!-- runScenario -->
</testsuite> <!-- Testonfirefox -->
